<?xml version="1.0" encoding="UTF-8"?>
<!-- Generated by org.testng.reporters.JUnitReportReporter -->
<testsuite hostname="DESKTOP-GFC7GNG" failures="0" tests="8" name="TestngPractice.TestNGLaunching" time="126.378" errors="0" timestamp="11 Nov 2021 18:01:40 GMT">
  <testcase classname="TestngPractice.TestNGLaunching" name="googleLogoTest" time="11.615"/>
  <testcase classname="TestngPractice.TestNGLaunching" name="googleTittleTest" time="12.741"/>
  <testcase classname="TestngPractice.TestNGLaunching" name="googleLogoTest" time="13.305"/>
  <testcase classname="TestngPractice.TestNGLaunching" name="googleLogoTest" time="13.169"/>
  <testcase classname="TestngPractice.TestNGLaunching" name="googleTittleTest" time="33.018"/>
  <testcase classname="TestngPractice.TestNGLaunching" name="googleTittleTest" time="13.075"/>
  <testcase classname="TestngPractice.TestNGLaunching" name="googleTittleTest" time="17.944"/>
  <testcase classname="TestngPractice.TestNGLaunching" name="googleLogoTest" time="11.511"/>
</testsuite> <!-- TestngPractice.TestNGLaunching -->
