<?xml version="1.0" encoding="UTF-8"?>
<!-- Generated by org.testng.reporters.JUnitReportReporter -->
<testsuite hostname="DESKTOP-GFC7GNG" failures="0" tests="15" name="TestngPractice.TestNGParameters1" time="0.043" errors="0" timestamp="4 Jun 2021 11:20:20 GMT">
  <testcase classname="TestngPractice.TestNGParameters1" name="hhh" time="0.015"/>
  <testcase classname="TestngPractice.TestNGParameters1" name="Addition" time="0.002"/>
  <testcase classname="TestngPractice.TestNGParameters1" name="aaa" time="0.002"/>
  <testcase classname="TestngPractice.TestNGParameters1" name="bbb" time="0.001"/>
  <testcase classname="TestngPractice.TestNGParameters1" name="Addition" time="0.003"/>
  <testcase classname="TestngPractice.TestNGParameters1" name="ccc" time="0.002"/>
  <testcase classname="TestngPractice.TestNGParameters1" name="ggg" time="0.002"/>
  <testcase classname="TestngPractice.TestNGParameters1" name="Addition" time="0.003"/>
  <testcase classname="TestngPractice.TestNGParameters1" name="Addition" time="0.002"/>
  <testcase classname="TestngPractice.TestNGParameters1" name="fff" time="0.002"/>
  <testcase classname="TestngPractice.TestNGParameters1" name="eee" time="0.002"/>
  <testcase classname="TestngPractice.TestNGParameters1" name="kkk" time="0.002"/>
  <testcase classname="TestngPractice.TestNGParameters1" name="Addition" time="0.002"/>
  <testcase classname="TestngPractice.TestNGParameters1" name="ddd" time="0.001"/>
  <testcase classname="TestngPractice.TestNGParameters1" name="iii" time="0.002"/>
</testsuite> <!-- TestngPractice.TestNGParameters1 -->
