<?xml version="1.0" encoding="UTF-8"?>
<!-- Generated by org.testng.reporters.JUnitReportReporter -->
<testsuite hostname="DESKTOP-GFC7GNG" failures="0" tests="3" name="TestngPractice.DataProviderDemo" time="73.029" errors="0" timestamp="14 Jun 2021 07:54:15 GMT">
  <testcase classname="TestngPractice.DataProviderDemo" name="testData" time="30.599"/>
  <testcase classname="TestngPractice.DataProviderDemo" name="testData" time="24.280"/>
  <testcase classname="TestngPractice.DataProviderDemo" name="testData" time="18.150"/>
</testsuite> <!-- TestngPractice.DataProviderDemo -->
