<?xml version="1.0" encoding="UTF-8"?>
<!-- Generated by org.testng.reporters.JUnitReportReporter -->
<testsuite hostname="DESKTOP-GFC7GNG" failures="0" tests="1" name="TestngPractice.annotaion" time="0.002" errors="0" timestamp="9 Jun 2021 19:11:39 GMT">
  <testcase classname="TestngPractice.annotaion" name="testngtest" time="0.002"/>
</testsuite> <!-- TestngPractice.annotaion -->
