<?xml version="1.0" encoding="UTF-8"?>
<!-- Generated by org.testng.reporters.JUnitReportReporter -->
<testsuite hostname="DESKTOP-GFC7GNG" failures="0" tests="13" name="TestngPractice.TestNGFeatures" time="0.055" errors="0" timestamp="9 Jun 2021 19:17:59 GMT">
  <testcase classname="TestngPractice.TestNGFeatures" name="hhh" time="0.014"/>
  <testcase classname="TestngPractice.TestNGFeatures" name="Addition" time="0.009"/>
  <testcase classname="TestngPractice.TestNGFeatures" name="Addition" time="0.003"/>
  <testcase classname="TestngPractice.TestNGFeatures" name="aaa" time="0.001"/>
  <testcase classname="TestngPractice.TestNGFeatures" name="Addition" time="0.005"/>
  <testcase classname="TestngPractice.TestNGFeatures" name="ggg" time="0.001"/>
  <testcase classname="TestngPractice.TestNGFeatures" name="Addition" time="0.003"/>
  <testcase classname="TestngPractice.TestNGFeatures" name="ccc" time="0.001"/>
  <testcase classname="TestngPractice.TestNGFeatures" name="iii" time="0.002"/>
  <testcase classname="TestngPractice.TestNGFeatures" name="ddd" time="0.004"/>
  <testcase classname="TestngPractice.TestNGFeatures" name="kkk" time="0.001"/>
  <testcase classname="TestngPractice.TestNGFeatures" name="Addition" time="0.009"/>
  <testcase classname="TestngPractice.TestNGFeatures" name="bbb" time="0.002"/>
</testsuite> <!-- TestngPractice.TestNGFeatures -->
